[INFO] Scanning for projects...
[INFO]                                                                         
[INFO] ------------------------------------------------------------------------
[INFO] Building Spring Boot Web Secure Sample 1.1.6.BUILD-SNAPSHOT
[INFO] ------------------------------------------------------------------------
Downloading: file:///home/dsyer/.m2/repository/org/springframework/security/spring-security-config/3.2.4.RELEASE/spring-security-config-3.2.4.RELEASE.pom
Downloaded: file:///home/dsyer/.m2/repository/org/springframework/security/spring-security-config/3.2.4.RELEASE/spring-security-config-3.2.4.RELEASE.pom (13 KB at 295.8 KB/sec)
Downloading: file:///home/dsyer/.m2/repository/org/springframework/security/spring-security-core/3.2.4.RELEASE/spring-security-core-3.2.4.RELEASE.pom
Downloaded: file:///home/dsyer/.m2/repository/org/springframework/security/spring-security-core/3.2.4.RELEASE/spring-security-core-3.2.4.RELEASE.pom (9 KB at 500.1 KB/sec)
Downloading: file:///home/dsyer/.m2/repository/org/springframework/security/spring-security-web/3.2.4.RELEASE/spring-security-web-3.2.4.RELEASE.pom
Downloaded: file:///home/dsyer/.m2/repository/org/springframework/security/spring-security-web/3.2.4.RELEASE/spring-security-web-3.2.4.RELEASE.pom (8 KB at 442.8 KB/sec)
Downloading: file:///home/dsyer/.m2/repository/org/springframework/spring-jdbc/4.0.6.RELEASE/spring-jdbc-4.0.6.RELEASE.pom
Downloaded: file:///home/dsyer/.m2/repository/org/springframework/spring-jdbc/4.0.6.RELEASE/spring-jdbc-4.0.6.RELEASE.pom (4 KB at 127.9 KB/sec)
Downloading: file:///home/dsyer/.m2/repository/org/springframework/spring-tx/4.0.6.RELEASE/spring-tx-4.0.6.RELEASE.pom
Downloaded: file:///home/dsyer/.m2/repository/org/springframework/spring-tx/4.0.6.RELEASE/spring-tx-4.0.6.RELEASE.pom (4 KB at 96.8 KB/sec)
Downloading: file:///home/dsyer/.m2/repository/org/apache/tomcat/tomcat-jdbc/7.0.54/tomcat-jdbc-7.0.54.pom
Downloaded: file:///home/dsyer/.m2/repository/org/apache/tomcat/tomcat-jdbc/7.0.54/tomcat-jdbc-7.0.54.pom (2 KB at 68.7 KB/sec)
Downloading: file:///home/dsyer/.m2/repository/org/apache/tomcat/tomcat-juli/7.0.54/tomcat-juli-7.0.54.pom
Downloaded: file:///home/dsyer/.m2/repository/org/apache/tomcat/tomcat-juli/7.0.54/tomcat-juli-7.0.54.pom (2 KB at 71.9 KB/sec)
Downloading: file:///home/dsyer/.m2/repository/com/h2database/h2/1.3.176/h2-1.3.176.pom
Downloaded: file:///home/dsyer/.m2/repository/com/h2database/h2/1.3.176/h2-1.3.176.pom (973 B at 63.3 KB/sec)
Downloading: file:///home/dsyer/.m2/repository/org/apache/httpcomponents/httpclient/4.3.4/httpclient-4.3.4.pom
Downloaded: file:///home/dsyer/.m2/repository/org/apache/httpcomponents/httpclient/4.3.4/httpclient-4.3.4.pom (6 KB at 231.2 KB/sec)
Downloading: file:///home/dsyer/.m2/repository/org/apache/httpcomponents/httpcomponents-client/4.3.4/httpcomponents-client-4.3.4.pom
Downloaded: file:///home/dsyer/.m2/repository/org/apache/httpcomponents/httpcomponents-client/4.3.4/httpcomponents-client-4.3.4.pom (15 KB at 937.3 KB/sec)
Downloading: file:///home/dsyer/.m2/repository/org/apache/httpcomponents/project/7/project-7.pom
Downloaded: file:///home/dsyer/.m2/repository/org/apache/httpcomponents/project/7/project-7.pom (27 KB at 1400.2 KB/sec)
Downloading: file:///home/dsyer/.m2/repository/org/apache/httpcomponents/httpcore/4.3.2/httpcore-4.3.2.pom
Downloaded: file:///home/dsyer/.m2/repository/org/apache/httpcomponents/httpcore/4.3.2/httpcore-4.3.2.pom (5 KB at 166.3 KB/sec)
Downloading: file:///home/dsyer/.m2/repository/org/apache/httpcomponents/httpcomponents-core/4.3.2/httpcomponents-core-4.3.2.pom
Downloaded: file:///home/dsyer/.m2/repository/org/apache/httpcomponents/httpcomponents-core/4.3.2/httpcomponents-core-4.3.2.pom (12 KB at 1483.6 KB/sec)
Downloading: file:///home/dsyer/.m2/repository/commons-codec/commons-codec/1.6/commons-codec-1.6.pom
Downloaded: file:///home/dsyer/.m2/repository/commons-codec/commons-codec/1.6/commons-codec-1.6.pom (11 KB at 389.1 KB/sec)
Downloading: file:///home/dsyer/.m2/repository/org/springframework/security/spring-security-config/3.2.4.RELEASE/spring-security-config-3.2.4.RELEASE.jar
Downloading: file:///home/dsyer/.m2/repository/org/springframework/security/spring-security-core/3.2.4.RELEASE/spring-security-core-3.2.4.RELEASE.jar
Downloading: file:///home/dsyer/.m2/repository/org/springframework/security/spring-security-web/3.2.4.RELEASE/spring-security-web-3.2.4.RELEASE.jar
Downloading: file:///home/dsyer/.m2/repository/org/springframework/spring-jdbc/4.0.6.RELEASE/spring-jdbc-4.0.6.RELEASE.jar
Downloading: file:///home/dsyer/.m2/repository/org/apache/tomcat/tomcat-jdbc/7.0.54/tomcat-jdbc-7.0.54.jar
Downloaded: file:///home/dsyer/.m2/repository/org/apache/tomcat/tomcat-jdbc/7.0.54/tomcat-jdbc-7.0.54.jar (123 KB at 1012.5 KB/sec)
Downloading: file:///home/dsyer/.m2/repository/org/apache/tomcat/tomcat-juli/7.0.54/tomcat-juli-7.0.54.jar
Downloaded: file:///home/dsyer/.m2/repository/org/springframework/security/spring-security-web/3.2.4.RELEASE/spring-security-web-3.2.4.RELEASE.jar (335 KB at 1672.2 KB/sec)
Downloading: file:///home/dsyer/.m2/repository/org/springframework/spring-tx/4.0.6.RELEASE/spring-tx-4.0.6.RELEASE.jar
Downloaded: file:///home/dsyer/.m2/repository/org/springframework/security/spring-security-config/3.2.4.RELEASE/spring-security-config-3.2.4.RELEASE.jar (398 KB at 1948.6 KB/sec)
Downloading: file:///home/dsyer/.m2/repository/com/h2database/h2/1.3.176/h2-1.3.176.jar
Downloaded: file:///home/dsyer/.m2/repository/org/springframework/security/spring-security-core/3.2.4.RELEASE/spring-security-core-3.2.4.RELEASE.jar (352 KB at 1582.2 KB/sec)
Downloading: file:///home/dsyer/.m2/repository/org/apache/httpcomponents/httpclient/4.3.4/httpclient-4.3.4.jar
Downloaded: file:///home/dsyer/.m2/repository/org/apache/tomcat/tomcat-juli/7.0.54/tomcat-juli-7.0.54.jar (38 KB at 296.0 KB/sec)
Downloading: file:///home/dsyer/.m2/repository/org/apache/httpcomponents/httpcore/4.3.2/httpcore-4.3.2.jar
Downloaded: file:///home/dsyer/.m2/repository/org/apache/httpcomponents/httpclient/4.3.4/httpclient-4.3.4.jar (577 KB at 13094.9 KB/sec)
Downloading: file:///home/dsyer/.m2/repository/commons-codec/commons-codec/1.6/commons-codec-1.6.jar
Downloaded: file:///home/dsyer/.m2/repository/commons-codec/commons-codec/1.6/commons-codec-1.6.jar (228 KB at 4059.2 KB/sec)
Downloaded: file:///home/dsyer/.m2/repository/org/springframework/spring-tx/4.0.6.RELEASE/spring-tx-4.0.6.RELEASE.jar (243 KB at 1823.5 KB/sec)
Downloaded: file:///home/dsyer/.m2/repository/org/apache/httpcomponents/httpcore/4.3.2/httpcore-4.3.2.jar (276 KB at 2136.8 KB/sec)
Downloaded: file:///home/dsyer/.m2/repository/com/h2database/h2/1.3.176/h2-1.3.176.jar (1621 KB at 8312.7 KB/sec)
Downloaded: file:///home/dsyer/.m2/repository/org/springframework/spring-jdbc/4.0.6.RELEASE/spring-jdbc-4.0.6.RELEASE.jar (415 KB at 1013.8 KB/sec)
[INFO] 
[INFO] --- maven-resources-plugin:2.6:resources (default-resources) @ spring-boot-sample-web-secure ---
[INFO] Using 'UTF-8' encoding to copy filtered resources.
[INFO] Copying 1 resource
[INFO] Copying 5 resources
[INFO] 
[INFO] --- maven-compiler-plugin:3.1:compile (default-compile) @ spring-boot-sample-web-secure ---
[INFO] Nothing to compile - all classes are up to date
[INFO] 
[INFO] --- maven-resources-plugin:2.6:testResources (default-testResources) @ spring-boot-sample-web-secure ---
[INFO] Using 'UTF-8' encoding to copy filtered resources.
[INFO] skip non existing resourceDirectory /home/dsyer/dev/boot/boot/spring-boot-samples/spring-boot-sample-web-secure/src/test/resources
[INFO] 
[INFO] --- maven-compiler-plugin:3.1:testCompile (default-testCompile) @ spring-boot-sample-web-secure ---
[INFO] Nothing to compile - all classes are up to date
[INFO] 
[INFO] --- maven-surefire-plugin:2.15:test (default-test) @ spring-boot-sample-web-secure ---
[INFO] Surefire report directory: /home/dsyer/dev/boot/boot/spring-boot-samples/spring-boot-sample-web-secure/target/surefire-reports

-------------------------------------------------------
 T E S T S
-------------------------------------------------------
Running sample.ui.secure.SampleSecureApplicationTests
17:26:07.611 [main] DEBUG o.s.t.c.j.SpringJUnit4ClassRunner - SpringJUnit4ClassRunner constructor called with [class sample.ui.secure.SampleSecureApplicationTests].
17:26:07.717 [main] DEBUG o.s.test.context.ContextLoaderUtils - Found explicit ContextLoader class [org.springframework.boot.test.SpringApplicationContextLoader] for context configuration attributes [ContextConfigurationAttributes@5e406eac declaringClass = 'sample.ui.secure.SampleSecureApplicationTests', locations = '{}', classes = '{class sample.ui.secure.SampleWebSecureApplication}', inheritLocations = true, initializers = '{}', inheritInitializers = true, name = [null], contextLoaderClass = 'org.springframework.boot.test.SpringApplicationContextLoader']
17:26:07.731 [main] DEBUG o.s.test.context.ContextLoaderUtils - Could not find an 'annotation declaring class' for annotation type [org.springframework.test.context.ActiveProfiles] and class [sample.ui.secure.SampleSecureApplicationTests]
17:26:07.753 [main] DEBUG o.s.t.annotation.ProfileValueUtils - Retrieved @ProfileValueSourceConfiguration [null] for test class [sample.ui.secure.SampleSecureApplicationTests]
17:26:07.754 [main] DEBUG o.s.t.annotation.ProfileValueUtils - Retrieved ProfileValueSource type [class org.springframework.test.annotation.SystemProfileValueSource] for class [sample.ui.secure.SampleSecureApplicationTests]
17:26:07.756 [main] DEBUG o.s.t.annotation.ProfileValueUtils - Retrieved @ProfileValueSourceConfiguration [null] for test class [sample.ui.secure.SampleSecureApplicationTests]
17:26:07.757 [main] DEBUG o.s.t.annotation.ProfileValueUtils - Retrieved ProfileValueSource type [class org.springframework.test.annotation.SystemProfileValueSource] for class [sample.ui.secure.SampleSecureApplicationTests]
17:26:07.761 [main] DEBUG o.s.t.annotation.ProfileValueUtils - Retrieved @ProfileValueSourceConfiguration [null] for test class [sample.ui.secure.SampleSecureApplicationTests]
17:26:07.762 [main] DEBUG o.s.t.annotation.ProfileValueUtils - Retrieved ProfileValueSource type [class org.springframework.test.annotation.SystemProfileValueSource] for class [sample.ui.secure.SampleSecureApplicationTests]
17:26:07.765 [main] DEBUG o.s.t.c.s.DependencyInjectionTestExecutionListener - Performing dependency injection for test context [[DefaultTestContext@68f8fae4 testClass = SampleSecureApplicationTests, testInstance = sample.ui.secure.SampleSecureApplicationTests@321fc493, testMethod = [null], testException = [null], mergedContextConfiguration = [WebMergedContextConfiguration@43a2a89a testClass = SampleSecureApplicationTests, locations = '{}', classes = '{class sample.ui.secure.SampleWebSecureApplication}', contextInitializerClasses = '[]', activeProfiles = '{}', resourceBasePath = 'src/main/webapp', contextLoader = 'org.springframework.boot.test.SpringApplicationContextLoader', parent = [null]]]].
17:26:07.877 [main] DEBUG o.s.core.env.StandardEnvironment - Adding [systemProperties] PropertySource with lowest search precedence
17:26:07.881 [main] DEBUG o.s.core.env.StandardEnvironment - Adding [systemEnvironment] PropertySource with lowest search precedence
17:26:07.881 [main] DEBUG o.s.core.env.StandardEnvironment - Initialized StandardEnvironment with PropertySources [systemProperties,systemEnvironment]
17:26:07.884 [main] DEBUG o.s.w.c.s.StandardServletEnvironment - Adding [servletConfigInitParams] PropertySource with lowest search precedence
17:26:07.885 [main] DEBUG o.s.w.c.s.StandardServletEnvironment - Adding [servletContextInitParams] PropertySource with lowest search precedence
17:26:07.890 [main] DEBUG o.s.w.c.s.StandardServletEnvironment - Adding [jndiProperties] PropertySource with lowest search precedence
17:26:07.891 [main] DEBUG o.s.w.c.s.StandardServletEnvironment - Adding [systemProperties] PropertySource with lowest search precedence
17:26:07.891 [main] DEBUG o.s.w.c.s.StandardServletEnvironment - Adding [systemEnvironment] PropertySource with lowest search precedence
17:26:07.891 [main] DEBUG o.s.w.c.s.StandardServletEnvironment - Initialized StandardServletEnvironment with PropertySources [servletConfigInitParams,servletContextInitParams,jndiProperties,systemProperties,systemEnvironment]
17:26:07.892 [main] DEBUG o.s.w.c.s.StandardServletEnvironment - Adding [integrationTest] PropertySource with search precedence immediately lower than [systemEnvironment]

  .   ____          _            __ _ _
 /\\ / ___'_ __ _ _(_)_ __  __ _ \ \ \ \
( ( )\___ | '_ | '_| | '_ \/ _` | \ \ \ \
 \\/  ___)| |_)| | | | | || (_| |  ) ) ) )
  '  |____| .__|_| |_|_| |_\__, | / / / /
 =========|_|==============|___/=/_/_/_/
 :: Spring Boot ::  (v1.1.6.BUILD-SNAPSHOT)

2014-08-11 17:26:08.539  INFO 8212 --- [           main] o.a.maven.surefire.booter.ForkedBooter   : Starting ForkedBooter v2.15 on dsyer with PID 8212 (/home/dsyer/dev/boot/boot/spring-boot-integration-tests/target/local-repo/org/apache/maven/surefire/surefire-booter/2.15/surefire-booter-2.15.jar started by dsyer in /home/dsyer/dev/boot/boot/spring-boot-samples/spring-boot-sample-web-secure)
2014-08-11 17:26:08.598  INFO 8212 --- [           main] ationConfigEmbeddedWebApplicationContext : Refreshing org.springframework.boot.context.embedded.AnnotationConfigEmbeddedWebApplicationContext@6cbd9138: startup date [Mon Aug 11 17:26:08 PDT 2014]; root of context hierarchy
2014-08-11 17:26:09.968  INFO 8212 --- [           main] trationDelegate$BeanPostProcessorChecker : Bean 'org.springframework.transaction.annotation.ProxyTransactionManagementConfiguration' of type [class org.springframework.transaction.annotation.ProxyTransactionManagementConfiguration$$EnhancerBySpringCGLIB$$736af2ae] is not eligible for getting processed by all BeanPostProcessors (for example: not eligible for auto-proxying)
2014-08-11 17:26:09.991  INFO 8212 --- [           main] trationDelegate$BeanPostProcessorChecker : Bean 'transactionAttributeSource' of type [class org.springframework.transaction.annotation.AnnotationTransactionAttributeSource] is not eligible for getting processed by all BeanPostProcessors (for example: not eligible for auto-proxying)
2014-08-11 17:26:10.003  INFO 8212 --- [           main] trationDelegate$BeanPostProcessorChecker : Bean 'transactionInterceptor' of type [class org.springframework.transaction.interceptor.TransactionInterceptor] is not eligible for getting processed by all BeanPostProcessors (for example: not eligible for auto-proxying)
2014-08-11 17:26:10.007  INFO 8212 --- [           main] trationDelegate$BeanPostProcessorChecker : Bean 'org.springframework.transaction.config.internalTransactionAdvisor' of type [class org.springframework.transaction.interceptor.BeanFactoryTransactionAttributeSourceAdvisor] is not eligible for getting processed by all BeanPostProcessors (for example: not eligible for auto-proxying)
2014-08-11 17:26:10.309  INFO 8212 --- [           main] .t.TomcatEmbeddedServletContainerFactory : Server initialized with port: 0
2014-08-11 17:26:10.515  INFO 8212 --- [           main] o.apache.catalina.core.StandardService   : Starting service Tomcat
2014-08-11 17:26:10.516  INFO 8212 --- [           main] org.apache.catalina.core.StandardEngine  : Starting Servlet Engine: Apache Tomcat/7.0.54
2014-08-11 17:26:10.656  INFO 8212 --- [ost-startStop-1] o.a.c.c.C.[Tomcat].[localhost].[/]       : Initializing Spring embedded WebApplicationContext
2014-08-11 17:26:10.657  INFO 8212 --- [ost-startStop-1] o.s.web.context.ContextLoader            : Root WebApplicationContext: initialization completed in 2063 ms
2014-08-11 17:26:11.572  INFO 8212 --- [ost-startStop-1] o.s.jdbc.datasource.init.ScriptUtils     : Executing SQL script from URL [file:/home/dsyer/dev/boot/boot/spring-boot-samples/spring-boot-sample-web-secure/target/classes/schema.sql]
2014-08-11 17:26:11.574  INFO 8212 --- [ost-startStop-1] o.s.jdbc.datasource.init.ScriptUtils     : Executed SQL script from URL [file:/home/dsyer/dev/boot/boot/spring-boot-samples/spring-boot-sample-web-secure/target/classes/schema.sql] in 1 ms.
2014-08-11 17:26:12.146  INFO 8212 --- [ost-startStop-1] o.s.s.web.DefaultSecurityFilterChain     : Creating filter chain: Ant [pattern='/css/**'], []
2014-08-11 17:26:12.146  INFO 8212 --- [ost-startStop-1] o.s.s.web.DefaultSecurityFilterChain     : Creating filter chain: Ant [pattern='/js/**'], []
2014-08-11 17:26:12.146  INFO 8212 --- [ost-startStop-1] o.s.s.web.DefaultSecurityFilterChain     : Creating filter chain: Ant [pattern='/images/**'], []
2014-08-11 17:26:12.147  INFO 8212 --- [ost-startStop-1] o.s.s.web.DefaultSecurityFilterChain     : Creating filter chain: Ant [pattern='/**/favicon.ico'], []
2014-08-11 17:26:12.185  INFO 8212 --- [ost-startStop-1] o.s.s.web.DefaultSecurityFilterChain     : Creating filter chain: org.springframework.security.web.util.matcher.AnyRequestMatcher@1, [org.springframework.security.web.context.request.async.WebAsyncManagerIntegrationFilter@6924cd7c, org.springframework.security.web.context.SecurityContextPersistenceFilter@6e99fc76, org.springframework.security.web.header.HeaderWriterFilter@576761b5, org.springframework.security.web.csrf.CsrfFilter@39c90e01, org.springframework.security.web.authentication.logout.LogoutFilter@358ddfd6, org.springframework.security.web.authentication.UsernamePasswordAuthenticationFilter@9aed039, org.springframework.security.web.savedrequest.RequestCacheAwareFilter@7b59c304, org.springframework.security.web.servletapi.SecurityContextHolderAwareRequestFilter@4b412a03, org.springframework.security.web.authentication.AnonymousAuthenticationFilter@6f2ebdd1, org.springframework.security.web.session.SessionManagementFilter@3d4332b2, org.springframework.security.web.access.ExceptionTranslationFilter@30497b4c, org.springframework.security.web.access.intercept.FilterSecurityInterceptor@4967d80b]
2014-08-11 17:26:12.189  INFO 8212 --- [ost-startStop-1] o.s.s.web.DefaultSecurityFilterChain     : Creating filter chain: org.springframework.boot.autoconfigure.security.SpringBootWebSecurityConfiguration$ApplicationNoWebSecurityConfigurerAdapter$1@1ae3c86b, [org.springframework.security.web.context.request.async.WebAsyncManagerIntegrationFilter@607af697, org.springframework.security.web.context.SecurityContextPersistenceFilter@7fa961de, org.springframework.security.web.header.HeaderWriterFilter@6bfe05f4, org.springframework.security.web.csrf.CsrfFilter@305460f6, org.springframework.security.web.authentication.logout.LogoutFilter@1a7d5723, org.springframework.security.web.savedrequest.RequestCacheAwareFilter@4958774c, org.springframework.security.web.servletapi.SecurityContextHolderAwareRequestFilter@4f004432, org.springframework.security.web.authentication.AnonymousAuthenticationFilter@28d364fd, org.springframework.security.web.session.SessionManagementFilter@72390d8f, org.springframework.security.web.access.ExceptionTranslationFilter@400e5156]
2014-08-11 17:26:12.227  INFO 8212 --- [ost-startStop-1] o.s.b.c.e.ServletRegistrationBean        : Mapping servlet: 'dispatcherServlet' to [/]
2014-08-11 17:26:12.229  INFO 8212 --- [ost-startStop-1] o.s.b.c.embedded.FilterRegistrationBean  : Mapping filter: 'hiddenHttpMethodFilter' to: [/*]
2014-08-11 17:26:12.230  INFO 8212 --- [ost-startStop-1] o.s.b.c.embedded.FilterRegistrationBean  : Mapping filter: 'springSecurityFilterChain' to: [/*]
2014-08-11 17:26:12.305  INFO 8212 --- [           main] o.s.w.s.handler.SimpleUrlHandlerMapping  : Mapped URL path [/**/favicon.ico] onto handler of type [class org.springframework.web.servlet.resource.ResourceHttpRequestHandler]
2014-08-11 17:26:12.344  INFO 8212 --- [           main] s.w.s.m.m.a.RequestMappingHandlerMapping : Mapped "{[/],methods=[],params=[],headers=[],consumes=[],produces=[],custom=[]}" onto public java.lang.String sample.ui.secure.SampleWebSecureApplication.home(java.util.Map<java.lang.String, java.lang.Object>)
2014-08-11 17:26:12.344  INFO 8212 --- [           main] s.w.s.m.m.a.RequestMappingHandlerMapping : Mapped "{[/foo],methods=[],params=[],headers=[],consumes=[],produces=[],custom=[]}" onto public java.lang.String sample.ui.secure.SampleWebSecureApplication.foo()
2014-08-11 17:26:12.347  INFO 8212 --- [           main] s.w.s.m.m.a.RequestMappingHandlerMapping : Mapped "{[/error],methods=[],params=[],headers=[],consumes=[],produces=[text/html],custom=[]}" onto public org.springframework.web.servlet.ModelAndView org.springframework.boot.autoconfigure.web.BasicErrorController.errorHtml(javax.servlet.http.HttpServletRequest)
2014-08-11 17:26:12.347  INFO 8212 --- [           main] s.w.s.m.m.a.RequestMappingHandlerMapping : Mapped "{[/error],methods=[],params=[],headers=[],consumes=[],produces=[],custom=[]}" onto public org.springframework.http.ResponseEntity<java.util.Map<java.lang.String, java.lang.Object>> org.springframework.boot.autoconfigure.web.BasicErrorController.error(javax.servlet.http.HttpServletRequest)
2014-08-11 17:26:12.362  INFO 8212 --- [           main] o.s.w.s.handler.SimpleUrlHandlerMapping  : Mapped URL path [/login] onto handler of type [class org.springframework.web.servlet.mvc.ParameterizableViewController]
2014-08-11 17:26:12.374  INFO 8212 --- [           main] o.s.w.s.handler.SimpleUrlHandlerMapping  : Mapped URL path [/**] onto handler of type [class org.springframework.web.servlet.resource.ResourceHttpRequestHandler]
2014-08-11 17:26:12.374  INFO 8212 --- [           main] o.s.w.s.handler.SimpleUrlHandlerMapping  : Mapped URL path [/webjars/**] onto handler of type [class org.springframework.web.servlet.resource.ResourceHttpRequestHandler]
2014-08-11 17:26:12.893  INFO 8212 --- [           main] s.b.c.e.t.TomcatEmbeddedServletContainer : Tomcat started on port(s): 53595/http
2014-08-11 17:26:12.896  INFO 8212 --- [           main] o.a.maven.surefire.booter.ForkedBooter   : Started ForkedBooter in 4.999 seconds (JVM running for 5.74)
2014-08-11 17:26:13.228  INFO 8212 --- [o-auto-1-exec-1] o.a.c.c.C.[Tomcat].[localhost].[/]       : Initializing Spring FrameworkServlet 'dispatcherServlet'
2014-08-11 17:26:13.228  INFO 8212 --- [o-auto-1-exec-1] o.s.web.servlet.DispatcherServlet        : FrameworkServlet 'dispatcherServlet': initialization started
2014-08-11 17:26:13.238  INFO 8212 --- [o-auto-1-exec-1] o.s.web.servlet.DispatcherServlet        : FrameworkServlet 'dispatcherServlet': initialization completed in 10 ms
2014-08-11 17:26:13.576  INFO 8212 --- [           main] ationConfigEmbeddedWebApplicationContext : Closing org.springframework.boot.context.embedded.AnnotationConfigEmbeddedWebApplicationContext@6cbd9138: startup date [Mon Aug 11 17:26:08 PDT 2014]; root of context hierarchy
2014-08-11 17:26:13.586  INFO 8212 --- [           main] o.apache.catalina.core.StandardService   : Stopping service Tomcat
2014-08-11 17:26:13.588  INFO 8212 --- [ost-startStop-1] o.a.c.c.C.[Tomcat].[localhost].[/]       : Destroying Spring FrameworkServlet 'dispatcherServlet'
Tests run: 4, Failures: 0, Errors: 0, Skipped: 0, Time elapsed: 6.208 sec - in sample.ui.secure.SampleSecureApplicationTests

Results :

Tests run: 4, Failures: 0, Errors: 0, Skipped: 0

[INFO] 
[INFO] --- maven-jar-plugin:2.4:jar (default-jar) @ spring-boot-sample-web-secure ---
[INFO] Building jar: /home/dsyer/dev/boot/boot/spring-boot-samples/spring-boot-sample-web-secure/target/spring-boot-sample-web-secure-1.1.6.BUILD-SNAPSHOT.jar
[INFO] 
[INFO] --- spring-boot-maven-plugin:1.1.6.BUILD-SNAPSHOT:repackage (default) @ spring-boot-sample-web-secure ---
[INFO] ------------------------------------------------------------------------
[INFO] BUILD SUCCESS
[INFO] ------------------------------------------------------------------------
[INFO] Total time: 10.351s
[INFO] Finished at: Mon Aug 11 17:26:14 PDT 2014
[INFO] Final Memory: 17M/211M
[INFO] ------------------------------------------------------------------------
